<?xml version="1.0" encoding="UTF-8"?>
<coverage generated="1575934124641" clover="3.2.0">
  <project timestamp="1575934124641" name="All files">
    <metrics statements="18" coveredstatements="17" conditionals="13" coveredconditionals="8" methods="4" coveredmethods="4" elements="35" coveredelements="29" complexity="0" loc="18" ncloc="18" packages="2" files="3" classes="3"/>
    <package name="lib">
      <metrics statements="12" coveredstatements="11" conditionals="8" coveredconditionals="7" methods="2" coveredmethods="2"/>
      <file name="app.js" path="/Users/joelpatrickdurham/alchemy/career-track/week-02/http-with-net/lib/app.js">
        <metrics statements="12" coveredstatements="11" conditionals="8" coveredconditionals="7" methods="2" coveredmethods="2"/>
        <line num="1" count="1" type="stmt"/>
        <line num="2" count="1" type="stmt"/>
        <line num="3" count="1" type="stmt"/>
        <line num="5" count="1" type="stmt"/>
        <line num="6" count="2" type="stmt"/>
        <line num="7" count="2" type="stmt"/>
        <line num="8" count="2" type="cond" truecount="4" falsecount="0"/>
        <line num="9" count="1" type="stmt"/>
        <line num="14" count="1" type="cond" truecount="3" falsecount="1"/>
        <line num="15" count="1" type="stmt"/>
        <line num="21" count="0" type="stmt"/>
        <line num="30" count="1" type="stmt"/>
      </file>
    </package>
    <package name="lib.utils">
      <metrics statements="6" coveredstatements="6" conditionals="5" coveredconditionals="1" methods="2" coveredmethods="2"/>
      <file name="createResponse.js" path="/Users/joelpatrickdurham/alchemy/career-track/week-02/http-with-net/lib/utils/createResponse.js">
        <metrics statements="1" coveredstatements="1" conditionals="3" coveredconditionals="0" methods="1" coveredmethods="1"/>
        <line num="1" count="2" type="cond" truecount="0" falsecount="3"/>
      </file>
      <file name="parseRequest.js" path="/Users/joelpatrickdurham/alchemy/career-track/week-02/http-with-net/lib/utils/parseRequest.js">
        <metrics statements="5" coveredstatements="5" conditionals="2" coveredconditionals="1" methods="1" coveredmethods="1"/>
        <line num="1" count="1" type="stmt"/>
        <line num="2" count="2" type="stmt"/>
        <line num="3" count="2" type="stmt"/>
        <line num="7" count="2" type="cond" truecount="1" falsecount="1"/>
        <line num="9" count="2" type="stmt"/>
      </file>
    </package>
  </project>
</coverage>
