{"/Users/joelpatrickdurham/alchemy/career-track/week-02/http-with-net/lib/utils/parseRequest.js": {"path":"/Users/joelpatrickdurham/alchemy/career-track/week-02/http-with-net/lib/utils/parseRequest.js","statementMap":{"0":{"start":{"line":1,"column":0},"end":{"line":11,"column":2}},"1":{"start":{"line":2,"column":4},"end":{"line":2,"column":28}},"2":{"start":{"line":3,"column":23},"end":{"line":3,"column":44}},"3":{"start":{"line":4,"column":26},"end":{"line":7,"column":5}},"4":{"start":{"line":8,"column":4},"end":{"line":8,"column":94}},"5":{"start":{"line":8,"column":33},"end":{"line":8,"column":94}},"6":{"start":{"line":10,"column":4},"end":{"line":10,"column":25}}},"fnMap":{"0":{"name":"(anonymous_0)","decl":{"start":{"line":1,"column":17},"end":{"line":1,"column":18}},"loc":{"start":{"line":1,"column":31},"end":{"line":11,"column":1}},"line":1}},"branchMap":{"0":{"loc":{"start":{"line":8,"column":4},"end":{"line":8,"column":94}},"type":"if","locations":[{"start":{"line":8,"column":4},"end":{"line":8,"column":94}},{"start":{"line":8,"column":4},"end":{"line":8,"column":94}}],"line":8}},"s":{"0":1,"1":2,"2":2,"3":2,"4":2,"5":1,"6":2},"f":{"0":2},"b":{"0":[1,1]},"_coverageSchema":"43e27e138ebf9cfc5966b082cf9a028302ed4184","hash":"c9d39454987669f91a9c1cd3cf4e0062b81e16dd"}
}
