TN:
SF:/Users/joelpatrickdurham/alchemy/career-track/week-02/http-with-net/lib/app.js
FN:5,(anonymous_0)
FN:6,(anonymous_1)
FNF:2
FNH:0
FNDA:0,(anonymous_0)
FNDA:0,(anonymous_1)
DA:1,1
DA:2,1
DA:3,1
DA:5,1
DA:6,0
DA:7,0
DA:8,0
DA:12,1
LF:8
LH:5
BRF:0
BRH:0
end_of_record
TN:
SF:/Users/joelpatrickdurham/alchemy/career-track/week-02/http-with-net/lib/utils/createResponse.js
FN:1,(anonymous_0)
FNF:1
FNH:1
FNDA:1,(anonymous_0)
DA:1,2
LF:1
LH:1
BRDA:1,0,0,0
BRDA:1,1,0,0
BRDA:1,2,0,0
BRF:3
BRH:0
end_of_record
TN:
SF:/Users/joelpatrickdurham/alchemy/career-track/week-02/http-with-net/lib/utils/parseRequest.js
FN:1,(anonymous_0)
FNF:1
FNH:0
FNDA:0,(anonymous_0)
DA:1,1
DA:2,0
DA:3,0
DA:7,0
DA:9,0
LF:5
LH:1
BRDA:7,0,0,0
BRDA:7,0,1,0
BRF:2
BRH:0
end_of_record
